Build started 17.11.2016 9:36:12.
     1>Project "C:\Users\tuananhle\Documents\Visual Studio 2013\projectcu\MissileSim_Chris\MissileSim_Chris\MissileSim_Chris.vcxproj" on node 2 (Build target(s)).
     1>ClCompile:
         C:\Program Files (x86)\Microsoft Visual Studio 12.0\VC\bin\CL.exe /c /ZI /nologo /W3 /WX- /sdl /Od /Oy- /D WIN32 /D _DEBUG /D _CONSOLE /D _LIB /D _UNICODE /D UNICODE /Gm /EHsc /RTC1 /MDd /GS /fp:precise /Zc:wchar_t /Zc:forScope /Fo"Debug\\" /Fd"Debug\vc120.pdb" /Gd /TP /analyze- /errorReport:prompt CoordTransforms.cpp
         CoordTransforms.cpp
     1>c:\users\tuananhle\documents\visual studio 2013\projectcu\missilesim_chris\missilesim_chris\coordtransforms.cpp(28): error C2872: 'vec3' : ambiguous symbol
                 could be 'c:\users\tuananhle\documents\visual studio 2013\projectcu\missilesim_chris\missilesim_chris\math3d_define.hpp(35) : vec<3,double> vec3'
                 or       'c:\users\tuananhle\documents\visual studio 2013\projectcu\missilesim_chris\missilesim_chris\earth.hpp(16) : Earth::vec3'
     1>c:\users\tuananhle\documents\visual studio 2013\projectcu\missilesim_chris\missilesim_chris\coordtransforms.cpp(33): error C2872: 'vec3' : ambiguous symbol
                 could be 'c:\users\tuananhle\documents\visual studio 2013\projectcu\missilesim_chris\missilesim_chris\math3d_define.hpp(35) : vec<3,double> vec3'
                 or       'c:\users\tuananhle\documents\visual studio 2013\projectcu\missilesim_chris\missilesim_chris\earth.hpp(16) : Earth::vec3'
     1>Done Building Project "C:\Users\tuananhle\Documents\Visual Studio 2013\projectcu\MissileSim_Chris\MissileSim_Chris\MissileSim_Chris.vcxproj" (Build target(s)) -- FAILED.

Build FAILED.

Time Elapsed 00:00:00.67
